
> frontend@0.1.0 dev
> next dev

▲ Next.js 16.1.6 (Turbopack)
- Local:         http://localhost:3000
- Network:       http://192.168.1.8:3000
- Environments: .env.local

✓ Starting...
✓ Ready in 708ms
 GET /admin 200 in 1891ms (compile: 1550ms, proxy.ts: 85ms, render: 256ms)
 GET /admin 200 in 706ms (compile: 399ms, proxy.ts: 11ms, render: 297ms)
 GET /api/auth/session 200 in 1761ms (compile: 1741ms, render: 19ms)
 GET /api/auth/session 200 in 424ms (compile: 404ms, render: 20ms)
 HEAD / 200 in 275ms (compile: 240ms, proxy.ts: 3ms, render: 32ms)
 GET /api/auth/session 200 in 26ms (compile: 6ms, render: 21ms)
 GET /api/auth/session 200 in 19ms (compile: 4ms, render: 15ms)
 GET /admin/exams 200 in 518ms (compile: 485ms, proxy.ts: 9ms, render: 23ms)
 GET /api/auth/session 200 in 9ms (compile: 3ms, render: 6ms)
 GET /api/auth/session 200 in 9ms (compile: 1211µs, render: 7ms)
 GET /api/auth/session 200 in 43ms (compile: 34ms, render: 9ms)
✓ Compiled in 123ms
 GET /api/auth/session 200 in 20ms (compile: 5ms, render: 15ms)
 GET /api/auth/session 200 in 35ms (compile: 20ms, render: 15ms)
 GET /admin/exams 200 in 114ms (compile: 47ms, proxy.ts: 8ms, render: 59ms)
 GET /api/auth/session 200 in 19ms (compile: 3ms, render: 17ms)
 GET /api/auth/session 200 in 10ms (compile: 1126µs, render: 9ms)
 GET /admin/exams 200 in 41ms (compile: 1377µs, proxy.ts: 4ms, render: 36ms)
 GET /api/auth/session 200 in 11ms (compile: 2ms, render: 9ms)
 GET /api/auth/session 200 in 29ms (compile: 11ms, render: 18ms)
 GET /admin/students 200 in 385ms (compile: 365ms, proxy.ts: 10ms, render: 10ms)
 GET /api/auth/session 200 in 8ms (compile: 3ms, render: 5ms)
 GET /api/auth/session 200 in 7ms (compile: 990µs, render: 6ms)
 GET /api/auth/session 200 in 34ms (compile: 19ms, render: 15ms)
✓ Compiled in 121ms
✓ Compiled in 29ms
 GET /api/auth/session 200 in 29ms (compile: 20ms, render: 9ms)
 GET /admin/students 200 in 67ms (compile: 42ms, proxy.ts: 13ms, render: 12ms)
 GET /admin/students 200 in 35ms (compile: 8ms, proxy.ts: 6ms, render: 21ms)
 GET /admin/settings 200 in 327ms (compile: 309ms, proxy.ts: 4ms, render: 14ms)
 GET /admin/exams 200 in 38ms (compile: 26ms, proxy.ts: 3ms, render: 9ms)
 GET /api/auth/session 200 in 15ms (compile: 9ms, render: 7ms)
 GET /api/auth/session 200 in 16ms (compile: 1473µs, render: 14ms)
 GET /admin/settings 200 in 23ms (compile: 3ms, proxy.ts: 5ms, render: 16ms)
 GET /admin/students 200 in 21ms (compile: 3ms, proxy.ts: 6ms, render: 12ms)
 GET /api/auth/session 200 in 9ms (compile: 3ms, render: 6ms)
 GET /api/auth/session 200 in 8ms (compile: 1728µs, render: 6ms)
 GET /admin/exams 200 in 12ms (compile: 1386µs, proxy.ts: 3ms, render: 7ms)
 GET /api/auth/session 200 in 9ms (compile: 3ms, render: 6ms)
 GET /api/auth/session 200 in 7ms (compile: 1330µs, render: 6ms)
 GET /admin 200 in 133ms (compile: 67ms, proxy.ts: 6ms, render: 59ms)
 GET /api/auth/session 200 in 61ms (compile: 49ms, render: 12ms)
✓ Compiled in 141ms
✓ Compiled in 27ms
 GET /admin 200 in 228ms (compile: 117ms, proxy.ts: 43ms, render: 68ms)
 GET /admin 200 in 217ms (compile: 140ms, proxy.ts: 34ms, render: 42ms)
 GET /api/auth/session 200 in 51ms (compile: 18ms, render: 33ms)
 GET /api/auth/session 200 in 31ms (compile: 10ms, render: 20ms)
 GET /api/auth/session 200 in 42ms (compile: 23ms, render: 19ms)
 GET /api/auth/session 200 in 28ms (compile: 19ms, render: 9ms)
 GET /api/auth/session 200 in 24ms (compile: 15ms, render: 9ms)
 GET /api/auth/session 200 in 67ms (compile: 49ms, render: 18ms)
✓ Compiled in 202ms
✓ Compiled in 70ms
 GET /api/auth/session 200 in 55ms (compile: 23ms, render: 32ms)
 GET /admin/settings 200 in 80ms (compile: 52ms, proxy.ts: 7ms, render: 21ms)
 GET /admin 200 in 174ms (compile: 76ms, proxy.ts: 5ms, render: 93ms)
✓ Compiled in 55ms
✓ Compiled in 33ms
 GET /admin 200 in 105ms (compile: 38ms, proxy.ts: 27ms, render: 40ms)
 GET /admin 200 in 109ms (compile: 19ms, proxy.ts: 27ms, render: 62ms)
✓ Compiled in 41ms
✓ Compiled in 53ms
✓ Compiled in 56ms
 GET /api/auth/session 200 in 43ms (compile: 31ms, render: 11ms)
 GET /admin 200 in 250ms (compile: 67ms, proxy.ts: 4ms, render: 179ms)
 GET /api/auth/session 200 in 98ms (compile: 38ms, render: 59ms)
✓ Compiled in 80ms
 GET /api/auth/session 200 in 62ms (compile: 22ms, render: 41ms)
 GET /api/auth/session 200 in 34ms (compile: 16ms, render: 18ms)
✓ Compiled in 99ms
 GET /admin 200 in 218ms (compile: 94ms, proxy.ts: 16ms, render: 108ms)
 GET /admin 200 in 206ms (compile: 10ms, proxy.ts: 121ms, render: 74ms)
✓ Compiled in 78ms
 GET /api/auth/session 200 in 141ms (compile: 125ms, render: 16ms)
 GET /admin/settings 200 in 38ms (compile: 15ms, proxy.ts: 5ms, render: 17ms)
 GET /admin 200 in 164ms (compile: 68ms, proxy.ts: 5ms, render: 91ms)
 GET /admin/students 200 in 57ms (compile: 34ms, proxy.ts: 5ms, render: 19ms)
 GET /api/auth/session 200 in 9ms (compile: 3ms, render: 6ms)
 GET /api/auth/session 200 in 7ms (compile: 1067µs, render: 5ms)
 GET /admin 200 in 73ms (compile: 3ms, proxy.ts: 4ms, render: 66ms)
 GET /api/auth/session 200 in 20ms (compile: 6ms, render: 15ms)
 GET /api/auth/session 200 in 15ms (compile: 5ms, render: 10ms)
 GET /admin/exams 200 in 74ms (compile: 52ms, proxy.ts: 9ms, render: 13ms)
 GET /api/auth/session 200 in 8ms (compile: 2ms, render: 5ms)
 GET /api/auth/session 200 in 6ms (compile: 917µs, render: 5ms)
 GET /admin/students 200 in 29ms (compile: 6ms, proxy.ts: 6ms, render: 18ms)
 GET /api/auth/session 200 in 11ms (compile: 4ms, render: 6ms)
 GET /api/auth/session 200 in 8ms (compile: 1337µs, render: 7ms)
 GET /admin/settings 200 in 24ms (compile: 3ms, proxy.ts: 4ms, render: 16ms)
 GET /admin 200 in 79ms (compile: 3ms, proxy.ts: 4ms, render: 72ms)
 GET /admin/students 200 in 17ms (compile: 2ms, proxy.ts: 4ms, render: 11ms)
 GET /api/auth/session 200 in 9ms (compile: 3ms, render: 6ms)
 GET /api/auth/session 200 in 5ms (compile: 1138µs, render: 4ms)
 GET /admin/exams 200 in 14ms (compile: 2ms, proxy.ts: 2ms, render: 10ms)
 GET /api/auth/session 200 in 8ms (compile: 2ms, render: 6ms)
 GET /api/auth/session 200 in 7ms (compile: 970µs, render: 6ms)
 GET /admin 200 in 60ms (compile: 1469µs, proxy.ts: 2ms, render: 56ms)
✓ Compiled in 54ms
 GET /admin/exams 200 in 18ms (compile: 4ms, proxy.ts: 3ms, render: 10ms)
 GET /api/auth/session 200 in 12ms (compile: 5ms, render: 7ms)
 GET /api/auth/session 200 in 7ms (compile: 1139µs, render: 6ms)
 GET /admin 200 in 138ms (compile: 63ms, proxy.ts: 2ms, render: 72ms)
 GET /dashboard 200 in 640ms (compile: 508ms, proxy.ts: 4ms, render: 128ms)
 GET /api/auth/session 200 in 13ms (compile: 5ms, render: 8ms)
 GET /api/auth/session 200 in 15ms (compile: 9ms, render: 6ms)
 GET /apple-touch-icon.png 404 in 262ms (compile: 203ms, proxy.ts: 6ms, render: 53ms)
 GET /apple-touch-icon-precomposed.png 404 in 266ms (compile: 216ms, proxy.ts: 7ms, render: 43ms)
 GET /api/auth/session 200 in 65ms (compile: 36ms, render: 29ms)
 GET /admin 200 in 194ms (compile: 4ms, proxy.ts: 2ms, render: 187ms)
 GET /api/auth/session 200 in 12ms (compile: 4ms, render: 8ms)
 GET /api/auth/csrf 200 in 20ms (compile: 8ms, render: 12ms)
 POST /api/auth/signout 200 in 7ms (compile: 1006µs, render: 6ms)
 GET / 200 in 152ms (compile: 41ms, proxy.ts: 2ms, render: 109ms)
 GET /api/auth/session 200 in 17ms (compile: 1562µs, render: 15ms)
 GET /login 200 in 259ms (compile: 246ms, proxy.ts: 1976µs, render: 11ms)
 GET /api/auth/providers 200 in 10ms (compile: 5ms, render: 6ms)
 GET /api/auth/csrf 200 in 6ms (compile: 1226µs, render: 4ms)
[NextAuth] Login fetch status: 200
[NextAuth] Login success for user: student
 POST /api/auth/callback/credentials 200 in 284ms (compile: 1292µs, render: 282ms)
 GET /api/auth/session 200 in 6ms (compile: 1206µs, render: 5ms)
 GET /dashboard 200 in 58ms (compile: 3ms, proxy.ts: 3ms, render: 53ms)
 GET /dashboard 200 in 44ms (compile: 1880µs, proxy.ts: 5ms, render: 37ms)
 GET /login 200 in 39ms (compile: 3ms, proxy.ts: 16ms, render: 20ms)
 GET /api/auth/session 200 in 11ms (compile: 4ms, render: 6ms)
 GET /api/auth/session 200 in 8ms (compile: 1585µs, render: 6ms)
 GET /dashboard 200 in 63ms (compile: 1942µs, proxy.ts: 5ms, render: 56ms)
 GET /api/auth/session 200 in 50ms (compile: 34ms, render: 15ms)
 GET /api/auth/session 200 in 23ms (compile: 5ms, render: 18ms)
✓ Compiled in 386ms
 GET /api/auth/session 200 in 39ms (compile: 20ms, render: 19ms)
 GET /dashboard 200 in 221ms (compile: 104ms, proxy.ts: 5ms, render: 112ms)
 GET /dashboard/help 200 in 379ms (compile: 346ms, proxy.ts: 5ms, render: 28ms)
 GET /dashboard 200 in 55ms (compile: 5ms, proxy.ts: 8ms, render: 43ms)
 GET /api/auth/session 200 in 11ms (compile: 4ms, render: 7ms)
 GET /api/auth/session 200 in 6ms (compile: 1140µs, render: 5ms)
⚠ Fast Refresh had to perform a full reload when ./src/app/dashboard/StudentDashboardClient.tsx changed. Read more: https://nextjs.org/docs/messages/fast-refresh-reload
✓ Compiled in 101ms
⨯ TypeError: Cannot read properties of undefined (reading 'total_submissions')
    at DashboardContent (src/app/dashboard/StudentDashboardClient.tsx:121:44)
  119 |                         <MetricCard
  120 |                             label={t("admin.dashboard.totalExams")}
> 121 |                             value={metrics.total_submissions}
      |                                            ^
  122 |                             color="#3b82f6"
  123 |                             bgColor="bg-blue-50"
  124 |                             icon={<svg width="18" height="18" viewBox="0 0 24 24" fill="none" stroke="currentColor" strokeWidth="2"><rect x="2" y="3" width="20" height="14" rx="2" /><line x1="8" y1="21" x2="16" y2="21" /><line x1="12" y1="17" x2="12" y2="21" /></svg>} {
  digest: '2306846283'
}
 GET /dashboard 500 in 318ms (compile: 106ms, proxy.ts: 17ms, render: 196ms)
⚠ Fast Refresh had to perform a full reload due to a runtime error.
⚠ Fast Refresh had to perform a full reload when ./src/app/dashboard/StudentDashboardClient.tsx changed. Read more: https://nextjs.org/docs/messages/fast-refresh-reload
⚠ Fast Refresh had to perform a full reload due to a runtime error.
 GET /dashboard 200 in 135ms (compile: 74ms, proxy.ts: 7ms, render: 54ms)
 GET /admin 200 in 226ms (compile: 7ms, proxy.ts: 7ms, render: 211ms)
 GET /dashboard 200 in 150ms (compile: 10ms, proxy.ts: 12ms, render: 127ms)
 GET /api/auth/session 200 in 19ms (compile: 10ms, render: 9ms)
✓ Compiled in 202ms
 GET /dashboard 200 in 166ms (compile: 72ms, proxy.ts: 24ms, render: 70ms)
 GET /admin 200 in 165ms (compile: 99ms, proxy.ts: 23ms, render: 43ms)
 GET /api/auth/session 200 in 59ms (compile: 26ms, render: 33ms)
✓ Compiled in 71ms
 GET /dashboard 200 in 326ms (compile: 141ms, proxy.ts: 12ms, render: 172ms)
 GET /uploads/exam_2_dc1f958e.gif 404 in 104ms (compile: 34ms, proxy.ts: 9ms, render: 61ms)
 GET /uploads/exam_4_0d4b5d23.webp 404 in 113ms (compile: 45ms, proxy.ts: 12ms, render: 56ms)
 GET /admin 200 in 330ms (compile: 17ms, proxy.ts: 175ms, render: 137ms)
⨯ The requested resource isn't a valid image for /uploads/exam_4_0d4b5d23.webp received null
⨯ The requested resource isn't a valid image for /uploads/exam_2_dc1f958e.gif received null
 GET /api/auth/session 200 in 85ms (compile: 20ms, render: 65ms)
 GET /dashboard 200 in 86ms (compile: 6ms, proxy.ts: 7ms, render: 74ms)
 GET /dashboard 200 in 102ms (compile: 7ms, proxy.ts: 24ms, render: 71ms)
 GET /dashboard 200 in 148ms (compile: 1795µs, proxy.ts: 3ms, render: 143ms)
 GET /uploads/exam_4_0d4b5d23.webp 404 in 66ms (compile: 7ms, proxy.ts: 4ms, render: 55ms)
⨯ The requested resource isn't a valid image for /uploads/exam_4_0d4b5d23.webp received null
 GET /uploads/exam_2_dc1f958e.gif 404 in 90ms (compile: 23ms, proxy.ts: 3ms, render: 64ms)
⨯ The requested resource isn't a valid image for /uploads/exam_2_dc1f958e.gif received null
 GET /api/auth/session 200 in 37ms (compile: 4ms, render: 33ms)
 GET /api/auth/session 200 in 24ms (compile: 15ms, render: 9ms)
 GET /dashboard 200 in 377ms (compile: 79ms, proxy.ts: 20ms, render: 278ms)
 GET /admin 200 in 373ms (compile: 125ms, proxy.ts: 15ms, render: 232ms)
 GET /api/auth/session 200 in 72ms (compile: 61ms, render: 11ms)
 GET /api/auth/session 200 in 62ms (compile: 47ms, render: 15ms)
 GET /api/auth/session 200 in 65ms (compile: 22ms, render: 43ms)
 GET /api/auth/session 200 in 47ms (compile: 34ms, render: 13ms)
 GET /api/auth/session 200 in 27ms (compile: 7ms, render: 20ms)
✓ Compiled in 114ms
 GET /api/auth/session 200 in 36ms (compile: 22ms, render: 14ms)
 GET /api/auth/session 200 in 51ms (compile: 31ms, render: 20ms)
 GET /api/auth/session 200 in 12ms (compile: 4ms, render: 8ms)
✓ Compiled in 231ms
 GET /api/auth/session 200 in 35ms (compile: 17ms, render: 18ms)
 GET /api/auth/session 200 in 36ms (compile: 23ms, render: 13ms)
 GET /api/auth/session 200 in 44ms (compile: 32ms, render: 12ms)
✓ Compiled in 196ms
 GET /api/auth/session 200 in 30ms (compile: 16ms, render: 13ms)
 GET /api/auth/session 200 in 62ms (compile: 46ms, render: 16ms)
 GET / 200 in 162ms (compile: 48ms, proxy.ts: 23ms, render: 90ms)
 GET /api/auth/session 200 in 15ms (compile: 6ms, render: 8ms)
 GET /api/auth/session 200 in 81ms (compile: 23ms, render: 58ms)
 GET /api/auth/session 200 in 203ms (compile: 32ms, render: 171ms)
✓ Compiled in 153ms
 GET /api/auth/session 200 in 20ms (compile: 9ms, render: 11ms)
 GET /api/auth/session 200 in 26ms (compile: 11ms, render: 16ms)
 GET /api/auth/session 200 in 15ms (compile: 4ms, render: 10ms)
 GET /api/auth/session 200 in 54ms (compile: 13ms, render: 41ms)
 GET /api/auth/session 200 in 18ms (compile: 3ms, render: 15ms)
⚠ Fast Refresh had to perform a full reload when ./src/app/dashboard/StudentDashboardClient.tsx changed. Read more: https://nextjs.org/docs/messages/fast-refresh-reload
⚠ Fast Refresh had to perform a full reload when ./src/app/dashboard/StudentDashboardClient.tsx changed. Read more: https://nextjs.org/docs/messages/fast-refresh-reload
⚠ Fast Refresh had to perform a full reload when ./src/app/dashboard/StudentDashboardClient.tsx changed. Read more: https://nextjs.org/docs/messages/fast-refresh-reload
⚠ Fast Refresh had to perform a full reload when ./src/app/dashboard/StudentDashboardClient.tsx changed. Read more: https://nextjs.org/docs/messages/fast-refresh-reload
⚠ Fast Refresh had to perform a full reload when ./src/app/dashboard/StudentDashboardClient.tsx changed. Read more: https://nextjs.org/docs/messages/fast-refresh-reload
⚠ Fast Refresh had to perform a full reload when ./src/app/dashboard/StudentDashboardClient.tsx changed. Read more: https://nextjs.org/docs/messages/fast-refresh-reload
⚠ Fast Refresh had to perform a full reload when ./src/app/dashboard/StudentDashboardClient.tsx changed. Read more: https://nextjs.org/docs/messages/fast-refresh-reload
⚠ Fast Refresh had to perform a full reload when ./src/app/dashboard/StudentDashboardClient.tsx changed. Read more: https://nextjs.org/docs/messages/fast-refresh-reload
⚠ Fast Refresh had to perform a full reload when ./src/app/dashboard/StudentDashboardClient.tsx changed. Read more: https://nextjs.org/docs/messages/fast-refresh-reload
⚠ Fast Refresh had to perform a full reload when ./src/app/dashboard/StudentDashboardClient.tsx changed. Read more: https://nextjs.org/docs/messages/fast-refresh-reload
⚠ Fast Refresh had to perform a full reload when ./src/app/dashboard/StudentDashboardClient.tsx changed. Read more: https://nextjs.org/docs/messages/fast-refresh-reload
 GET /api/auth/session 200 in 144ms (compile: 18ms, render: 126ms)
 GET /dashboard 200 in 170ms (compile: 122ms, proxy.ts: 32ms, render: 16ms)
 GET /dashboard 200 in 176ms (compile: 104ms, proxy.ts: 17ms, render: 55ms)
 POST /api/auth/_log 200 in 11ms (compile: 4ms, render: 7ms)
 POST /api/auth/_log 200 in 11ms (compile: 7ms, render: 4ms)
 GET /dashboard 200 in 233ms (compile: 7ms, proxy.ts: 12ms, render: 215ms)
 GET /api/auth/session 200 in 9ms (compile: 2ms, render: 7ms)
 GET /api/auth/session 200 in 9ms (compile: 4ms, render: 5ms)
 GET /dashboard 200 in 67ms (compile: 1600µs, proxy.ts: 4ms, render: 61ms)
 GET /api/auth/session 200 in 18ms (compile: 6ms, render: 12ms)
 GET /api/auth/session 200 in 18ms (compile: 12ms, render: 7ms)
 GET /api/auth/csrf 200 in 13ms (compile: 6ms, render: 8ms)
 POST /api/auth/signout 200 in 9ms (compile: 1606µs, render: 7ms)
 GET / 200 in 31ms (compile: 3ms, proxy.ts: 1958µs, render: 25ms)
 GET /api/auth/session 200 in 6ms (compile: 1307µs, render: 5ms)
 GET /login 200 in 41ms (compile: 21ms, proxy.ts: 5ms, render: 15ms)
 GET /api/auth/providers 200 in 11ms (compile: 5ms, render: 5ms)
 GET /api/auth/csrf 200 in 6ms (compile: 1061µs, render: 5ms)
[NextAuth] Login fetch status: 200
[NextAuth] Login success for user: admin
 POST /api/auth/callback/credentials 200 in 271ms (compile: 1062µs, render: 270ms)
 GET /api/auth/session 200 in 5ms (compile: 998µs, render: 4ms)
 GET /admin 200 in 145ms (compile: 18ms, proxy.ts: 3ms, render: 125ms)
 GET /admin 200 in 146ms (compile: 4ms, proxy.ts: 2ms, render: 140ms)
 GET /admin 200 in 131ms (compile: 4ms, proxy.ts: 5ms, render: 122ms)
 GET /admin/exams 200 in 41ms (compile: 19ms, proxy.ts: 7ms, render: 15ms)
 GET /api/auth/session 200 in 9ms (compile: 3ms, render: 7ms)
 GET /api/auth/session 200 in 10ms (compile: 4ms, render: 5ms)
 GET /admin/exams/1/edit 200 in 827ms (compile: 803ms, proxy.ts: 5ms, render: 18ms)
 GET /api/auth/session 200 in 8ms (compile: 3ms, render: 6ms)
 GET /api/auth/session 200 in 9ms (compile: 5ms, render: 4ms)
 GET /api/auth/session 200 in 6ms (compile: 940µs, render: 6ms)
 GET /api/auth/session 200 in 7ms (compile: 2ms, render: 5ms)
 GET /api/auth/session 200 in 46ms (compile: 20ms, render: 25ms)
 GET /api/auth/session 200 in 16ms (compile: 11ms, render: 5ms)
 GET /api/auth/session 200 in 6ms (compile: 1075µs, render: 5ms)
 GET /api/auth/session 200 in 6ms (compile: 906µs, render: 5ms)
 GET /api/auth/session 200 in 6ms (compile: 918µs, render: 5ms)
 GET /admin/exams 200 in 17ms (compile: 3ms, proxy.ts: 3ms, render: 12ms)
 GET /api/auth/session 200 in 15ms (compile: 1494µs, render: 13ms)
 GET /api/auth/session 200 in 12ms (compile: 4ms, render: 9ms)
 GET /admin/exams/4/edit 200 in 16ms (compile: 4ms, proxy.ts: 1849µs, render: 10ms)
 GET /api/auth/session 200 in 16ms (compile: 4ms, render: 12ms)
 GET /api/auth/session 200 in 16ms (compile: 10ms, render: 6ms)
 GET /api/auth/session 200 in 9ms (compile: 1009µs, render: 8ms)
 GET /api/auth/session 200 in 10ms (compile: 3ms, render: 7ms)
 GET /api/auth/session 200 in 14ms (compile: 6ms, render: 8ms)
 GET /api/auth/session 200 in 6ms (compile: 1154µs, render: 5ms)
 GET /api/auth/session 200 in 6ms (compile: 962µs, render: 5ms)
 GET /api/auth/session 200 in 6ms (compile: 902µs, render: 5ms)
 GET /admin/exams 200 in 11ms (compile: 1296µs, proxy.ts: 1711µs, render: 8ms)
 GET /api/auth/session 200 in 8ms (compile: 1178µs, render: 6ms)
 GET /api/auth/session 200 in 9ms (compile: 3ms, render: 6ms)
 GET /admin/exams/2/edit 200 in 28ms (compile: 7ms, proxy.ts: 7ms, render: 14ms)
 GET /api/auth/session 200 in 11ms (compile: 3ms, render: 8ms)
 GET /api/auth/session 200 in 12ms (compile: 5ms, render: 7ms)
 GET /api/auth/session 200 in 10ms (compile: 1024µs, render: 9ms)
 GET /api/auth/session 200 in 11ms (compile: 2ms, render: 9ms)
 GET /api/auth/session 200 in 14ms (compile: 6ms, render: 8ms)
 GET /api/auth/session 200 in 7ms (compile: 1367µs, render: 6ms)
 GET /api/auth/session 200 in 6ms (compile: 903µs, render: 5ms)
 GET /api/auth/session 200 in 7ms (compile: 2ms, render: 5ms)
 GET /api/auth/session 200 in 6ms (compile: 886µs, render: 5ms)
 GET /api/auth/session 200 in 7ms (compile: 2ms, render: 5ms)
 GET /admin/exams 200 in 12ms (compile: 1183µs, proxy.ts: 3ms, render: 8ms)
 GET /api/auth/session 200 in 7ms (compile: 1500µs, render: 5ms)
 GET /api/auth/session 200 in 8ms (compile: 2ms, render: 5ms)
 GET /admin/exams/1/edit 200 in 29ms (compile: 7ms, proxy.ts: 5ms, render: 17ms)
 GET /api/auth/session 200 in 9ms (compile: 3ms, render: 6ms)
 GET /api/auth/session 200 in 11ms (compile: 5ms, render: 6ms)
 GET /api/auth/session 200 in 6ms (compile: 1243µs, render: 5ms)
 GET /api/auth/session 200 in 4ms (compile: 752µs, render: 4ms)
 GET /api/auth/session 200 in 7ms (compile: 3ms, render: 5ms)
 GET /api/auth/session 200 in 7ms (compile: 1075µs, render: 5ms)
 GET /api/auth/session 200 in 6ms (compile: 948µs, render: 5ms)
 GET /api/auth/session 200 in 5ms (compile: 758µs, render: 4ms)
 GET /admin/exams 200 in 10ms (compile: 1223µs, proxy.ts: 2ms, render: 7ms)
 GET /api/auth/session 200 in 8ms (compile: 1406µs, render: 7ms)
 GET /api/auth/session 200 in 8ms (compile: 3ms, render: 5ms)
 GET /api/auth/session 200 in 14ms (compile: 5ms, render: 9ms)
 GET /dashboard 200 in 68ms (compile: 3ms, proxy.ts: 8ms, render: 57ms)
 GET /api/auth/session 200 in 225ms (compile: 183ms, render: 41ms)
 GET /api/auth/session 200 in 27ms (compile: 5ms, render: 22ms)
 GET /api/auth/session 200 in 19ms (compile: 9ms, render: 10ms)
 GET /admin/exams/3/edit 200 in 56ms (compile: 25ms, proxy.ts: 14ms, render: 16ms)
 GET /api/auth/session 200 in 10ms (compile: 3ms, render: 7ms)
 GET /api/auth/session 200 in 7ms (compile: 1202µs, render: 6ms)
 GET /api/auth/session 200 in 12ms (compile: 5ms, render: 7ms)
 GET /api/auth/session 200 in 5ms (compile: 1072µs, render: 4ms)
 GET /api/auth/session 200 in 6ms (compile: 2ms, render: 4ms)
 GET /api/auth/session 200 in 6ms (compile: 1071µs, render: 5ms)
 GET /api/auth/session 200 in 7ms (compile: 1035µs, render: 5ms)
 GET /api/auth/session 200 in 6ms (compile: 903µs, render: 5ms)
 GET /api/auth/session 200 in 6ms (compile: 996µs, render: 5ms)
 GET /admin/exams 200 in 17ms (compile: 3ms, proxy.ts: 2ms, render: 12ms)
 GET /api/auth/session 200 in 11ms (compile: 2ms, render: 9ms)
 GET /api/auth/session 200 in 11ms (compile: 6ms, render: 5ms)
 GET /api/auth/session 200 in 12ms (compile: 3ms, render: 9ms)
 GET /dashboard 200 in 81ms (compile: 4ms, proxy.ts: 2ms, render: 74ms)
 GET /api/auth/session 200 in 14ms (compile: 4ms, render: 9ms)
 GET /api/auth/session 200 in 8ms (compile: 1123µs, render: 7ms)
✓ Compiled in 139ms
 GET /api/auth/session 200 in 20ms (compile: 10ms, render: 10ms)
 GET /admin/exams/3/edit 200 in 44ms (compile: 11ms, proxy.ts: 6ms, render: 26ms)
 GET /api/auth/session 200 in 9ms (compile: 3ms, render: 6ms)
 GET /api/auth/session 200 in 10ms (compile: 4ms, render: 5ms)
 GET /api/auth/session 200 in 6ms (compile: 1398µs, render: 5ms)
 GET /api/auth/session 200 in 5ms (compile: 753µs, render: 5ms)
 GET /api/auth/session 200 in 14ms (compile: 4ms, render: 9ms)
 GET /api/auth/session 200 in 7ms (compile: 1274µs, render: 6ms)
 GET /api/auth/session 200 in 5ms (compile: 996µs, render: 4ms)
 GET /api/auth/session 200 in 6ms (compile: 1033µs, render: 5ms)
 GET /admin/exams 200 in 14ms (compile: 3ms, proxy.ts: 2ms, render: 9ms)
 GET /api/auth/session 200 in 10ms (compile: 2ms, render: 8ms)
 GET /api/auth/session 200 in 11ms (compile: 4ms, render: 7ms)
 GET /admin/exams/2/edit 200 in 29ms (compile: 8ms, proxy.ts: 5ms, render: 16ms)
 GET /api/auth/session 200 in 10ms (compile: 3ms, render: 7ms)
 GET /api/auth/session 200 in 10ms (compile: 6ms, render: 5ms)
 GET /api/auth/session 200 in 8ms (compile: 1311µs, render: 7ms)
 GET /api/auth/session 200 in 7ms (compile: 867µs, render: 6ms)
 GET /api/auth/session 200 in 12ms (compile: 4ms, render: 8ms)
 GET /api/auth/session 200 in 7ms (compile: 1114µs, render: 6ms)
 GET /api/auth/session 200 in 7ms (compile: 1095µs, render: 6ms)
 GET /api/auth/session 200 in 8ms (compile: 3ms, render: 5ms)
 GET /api/auth/session 200 in 6ms (compile: 979µs, render: 5ms)
 GET /api/auth/session 200 in 7ms (compile: 2ms, render: 4ms)
 GET /admin/exams 200 in 12ms (compile: 1850µs, proxy.ts: 2ms, render: 8ms)
 GET /api/auth/session 200 in 8ms (compile: 1185µs, render: 7ms)
 GET /api/auth/session 200 in 9ms (compile: 3ms, render: 5ms)
 GET /admin/exams/1/edit 200 in 31ms (compile: 8ms, proxy.ts: 7ms, render: 16ms)
 GET /api/auth/session 200 in 11ms (compile: 4ms, render: 8ms)
 GET /api/auth/session 200 in 12ms (compile: 6ms, render: 5ms)
 GET /api/auth/session 200 in 5ms (compile: 1016µs, render: 4ms)
 GET /api/auth/session 200 in 5ms (compile: 692µs, render: 4ms)
 GET /api/auth/session 200 in 9ms (compile: 4ms, render: 5ms)
 GET /api/auth/session 200 in 7ms (compile: 1570µs, render: 5ms)
 GET /api/auth/session 200 in 6ms (compile: 1128µs, render: 5ms)
 GET /api/auth/session 200 in 6ms (compile: 830µs, render: 5ms)
 GET /api/auth/session 200 in 6ms (compile: 1022µs, render: 5ms)
 GET /admin/exams 200 in 17ms (compile: 4ms, proxy.ts: 3ms, render: 10ms)
 GET /api/auth/session 200 in 14ms (compile: 1769µs, render: 12ms)
 GET /api/auth/session 200 in 15ms (compile: 9ms, render: 6ms)
 GET /admin/exams/4/edit 200 in 20ms (compile: 6ms, proxy.ts: 3ms, render: 12ms)
 GET /api/auth/session 200 in 9ms (compile: 3ms, render: 6ms)
 GET /api/auth/session 200 in 10ms (compile: 5ms, render: 5ms)
 GET /api/auth/session 200 in 7ms (compile: 991µs, render: 6ms)
 GET /api/auth/session 200 in 7ms (compile: 2ms, render: 5ms)
 GET /api/auth/session 200 in 8ms (compile: 3ms, render: 6ms)
 GET /api/auth/session 200 in 6ms (compile: 1054µs, render: 5ms)
 GET /api/auth/session 200 in 6ms (compile: 839µs, render: 5ms)
 GET /api/auth/session 200 in 6ms (compile: 866µs, render: 5ms)
 GET /api/auth/session 200 in 6ms (compile: 985µs, render: 5ms)
 GET /admin/exams 200 in 15ms (compile: 1311µs, proxy.ts: 5ms, render: 9ms)
 GET /api/auth/session 200 in 7ms (compile: 1149µs, render: 6ms)
 GET /api/auth/session 200 in 10ms (compile: 5ms, render: 6ms)
 GET /api/auth/session 200 in 44ms (compile: 25ms, render: 19ms)
 GET /dashboard 200 in 269ms (compile: 81ms, proxy.ts: 3ms, render: 186ms)
 GET /api/auth/session 200 in 23ms (compile: 12ms, render: 11ms)
 GET /api/auth/session 200 in 10ms (compile: 1723µs, render: 8ms)
 GET /api/auth/session 200 in 26ms (compile: 13ms, render: 13ms)
 GET /api/auth/session 200 in 55ms (compile: 37ms, render: 17ms)
 GET /api/auth/session 200 in 23ms (compile: 10ms, render: 13ms)
 GET /api/auth/session 200 in 45ms (compile: 35ms, render: 10ms)
 GET /api/auth/session 200 in 14ms (compile: 5ms, render: 10ms)
 GET /api/auth/session 200 in 28ms (compile: 4ms, render: 24ms)
 GET /api/auth/session 200 in 30ms (compile: 16ms, render: 14ms)
 GET /api/auth/session 200 in 12ms (compile: 5ms, render: 7ms)
 GET /admin 200 in 119ms (compile: 12ms, proxy.ts: 9ms, render: 98ms)
 GET /api/auth/session 200 in 21ms (compile: 7ms, render: 14ms)
 GET /api/auth/session 200 in 22ms (compile: 10ms, render: 12ms)
 GET /api/auth/session 200 in 25ms (compile: 3ms, render: 22ms)
 GET /api/auth/session 200 in 25ms (compile: 3ms, render: 22ms)
 GET /api/auth/session 200 in 27ms (compile: 9ms, render: 17ms)
 GET /api/auth/session 200 in 26ms (compile: 10ms, render: 16ms)
 GET /api/auth/session 200 in 13ms (compile: 5ms, render: 8ms)
 GET /api/auth/session 200 in 13ms (compile: 6ms, render: 7ms)
 GET /api/auth/session 200 in 14ms (compile: 3ms, render: 11ms)
 GET /api/auth/session 200 in 14ms (compile: 3ms, render: 10ms)
 GET /api/auth/session 200 in 13ms (compile: 3ms, render: 10ms)
 GET /api/auth/session 200 in 12ms (compile: 3ms, render: 9ms)
 GET /api/auth/session 200 in 8ms (compile: 2ms, render: 6ms)
 GET /api/auth/session 200 in 10ms (compile: 4ms, render: 6ms)
 GET /api/auth/session 200 in 10ms (compile: 2ms, render: 8ms)
 GET /api/auth/session 200 in 10ms (compile: 3ms, render: 7ms)
 GET /api/auth/session 200 in 10ms (compile: 4ms, render: 7ms)
 GET /api/auth/session 200 in 11ms (compile: 4ms, render: 7ms)
 GET /api/auth/session 200 in 12ms (compile: 5ms, render: 6ms)
 GET /api/auth/session 200 in 9ms (compile: 1214µs, render: 8ms)
 GET /api/auth/session 200 in 11ms (compile: 2ms, render: 9ms)
 GET /api/auth/session 200 in 14ms (compile: 3ms, render: 11ms)
 GET /api/auth/session 200 in 12ms (compile: 1488µs, render: 11ms)
 GET /api/auth/session 200 in 8ms (compile: 2ms, render: 6ms)
 GET /api/auth/session 200 in 8ms (compile: 3ms, render: 5ms)
 GET /api/auth/session 200 in 6ms (compile: 812µs, render: 5ms)
 GET /api/auth/session 200 in 10ms (compile: 4ms, render: 7ms)
 GET /api/auth/session 200 in 24ms (compile: 12ms, render: 12ms)
 GET /admin/exams 200 in 45ms (compile: 9ms, proxy.ts: 14ms, render: 22ms)
 GET /api/auth/session 200 in 18ms (compile: 3ms, render: 15ms)
 GET /api/auth/session 200 in 9ms (compile: 3ms, render: 7ms)
 GET /api/auth/session 200 in 15ms (compile: 7ms, render: 9ms)
 GET /admin/exams/3/edit 200 in 33ms (compile: 10ms, proxy.ts: 5ms, render: 17ms)
 GET /api/auth/session 200 in 9ms (compile: 3ms, render: 6ms)
 GET /api/auth/session 200 in 6ms (compile: 1410µs, render: 4ms)
 GET /api/auth/session 200 in 7ms (compile: 899µs, render: 6ms)
 GET /api/auth/session 200 in 8ms (compile: 2ms, render: 5ms)
 GET /api/auth/session 200 in 22ms (compile: 13ms, render: 10ms)
 GET /admin/students 200 in 43ms (compile: 20ms, proxy.ts: 7ms, render: 16ms)
 GET /api/auth/session 200 in 9ms (compile: 2ms, render: 6ms)
 GET /api/auth/session 200 in 5ms (compile: 672µs, render: 5ms)
 GET /api/auth/session 200 in 12ms (compile: 4ms, render: 8ms)
 GET /admin/settings 200 in 44ms (compile: 18ms, proxy.ts: 6ms, render: 21ms)
 GET /api/auth/session 200 in 20ms (compile: 4ms, render: 16ms)
 GET /api/auth/session 200 in 36ms (compile: 19ms, render: 17ms)
 GET /admin/students 200 in 30ms (compile: 5ms, proxy.ts: 4ms, render: 22ms)
 GET /api/auth/session 200 in 11ms (compile: 7ms, render: 5ms)
 GET /api/auth/session 200 in 5ms (compile: 896µs, render: 4ms)
 GET /admin/exams 200 in 21ms (compile: 5ms, proxy.ts: 3ms, render: 13ms)
 GET /api/auth/session 200 in 9ms (compile: 3ms, render: 6ms)
 GET /api/auth/session 200 in 9ms (compile: 4ms, render: 5ms)
 GET /admin/exams/4/edit 200 in 31ms (compile: 8ms, proxy.ts: 7ms, render: 16ms)
 GET /api/auth/session 200 in 7ms (compile: 3ms, render: 4ms)
 GET /api/auth/session 200 in 8ms (compile: 4ms, render: 4ms)
 GET /api/auth/session 200 in 11ms (compile: 964µs, render: 10ms)
 GET /api/auth/session 200 in 12ms (compile: 7ms, render: 6ms)
 GET /api/auth/session 200 in 54ms (compile: 22ms, render: 32ms)
 GET /api/auth/session 200 in 65ms (compile: 32ms, render: 32ms)
 GET /api/auth/session 200 in 32ms (compile: 8ms, render: 24ms)
 GET /api/auth/session 200 in 74ms (compile: 7ms, render: 67ms)
 GET /api/auth/session 200 in 41ms (compile: 21ms, render: 19ms)
✓ Compiled in 113ms
 GET /api/auth/session 200 in 37ms (compile: 18ms, render: 19ms)
 GET /admin 200 in 231ms (compile: 7ms, proxy.ts: 16ms, render: 208ms)
 GET /admin/students 200 in 51ms (compile: 19ms, proxy.ts: 7ms, render: 25ms)
 GET /api/auth/session 200 in 10ms (compile: 3ms, render: 7ms)
 GET /api/auth/session 200 in 10ms (compile: 5ms, render: 5ms)
 GET /admin/settings 200 in 32ms (compile: 6ms, proxy.ts: 6ms, render: 20ms)
 GET /admin/exams 200 in 28ms (compile: 7ms, proxy.ts: 5ms, render: 17ms)
 GET /api/auth/session 200 in 13ms (compile: 6ms, render: 7ms)
 GET /api/auth/session 200 in 15ms (compile: 9ms, render: 6ms)
 GET /admin 200 in 92ms (compile: 6ms, proxy.ts: 6ms, render: 79ms)
 GET /api/auth/session 200 in 255ms (compile: 197ms, render: 58ms)
 GET /api/auth/session 200 in 33ms (compile: 17ms, render: 16ms)
 GET /api/auth/session 200 in 69ms (compile: 36ms, render: 34ms)
